<?xml version="1.0" encoding="UTF-8"?>
<!-- Generated by org.testng.reporters.JUnitXMLReporter -->
<testsuite ignored="1" hostname="MacBook-Pro.ht.home" failures="1" tests="17" name="Test" time="119.828" errors="0" timestamp="26 Aug 2024 19:14:22 GMT">
  <testcase classname="com.tutorialsninja.testcases.LoginTest" name="verifyLoginWithValidCredentials" time="1.272"/>
  <testcase classname="com.tutorialsninja.testcases.SearchProductTest" name="verifySearchWithValidProduct" time="0.871"/>
  <testcase classname="com.tutorialsninja.testcases.CompleteCheckoutTest" name="validateCompleteCheckoutWithRegisteredAccount" time="10.347"/>
  <testcase classname="com.tutorialsninja.testcases.LoginTest" name="verifyLoginWithInalidCredentials" time="0.775"/>
  <testcase classname="com.tutorialsninja.testcases.SearchProductTest" name="verifySearchWithInvalidProduct" time="0.535"/>
  <testcase classname="com.tutorialsninja.testcases.RegisterTest" name="verifyRegisterWithAllDetails" time="1.55"/>
  <testcase classname="com.tutorialsninja.testcases.CompleteCheckoutTest" name="validateCompleteCheckoutWithGuestAccount" time="17.409">
    <failure type="org.openqa.selenium.NoSuchElementException" message="no such element: Unable to locate element: {&amp;quot;method&amp;quot;:&amp;quot;css selector&amp;quot;,&amp;quot;selector&amp;quot;:&amp;quot;div&amp;gt;#button-confirm&amp;quot;}
  (Session info: chrome=127.0.6533.120)
For documentation on this error, please visit: https://www.selenium.dev/documentation/webdriver/troubleshooting/errors#no-such-element-exception
Build info: version: &amp;apos;4.21.0&amp;apos;, revision: &amp;apos;79ed462ef4&amp;apos;
System info: os.name: &amp;apos;Mac OS X&amp;apos;, os.arch: &amp;apos;x86_64&amp;apos;, os.version: &amp;apos;14.4.1&amp;apos;, java.version: &amp;apos;21.0.1&amp;apos;
Driver info: org.openqa.selenium.chrome.ChromeDriver
Command: [38821392c1f2beb6a7c46406888fe8fa, findElement {using=css selector, value=div&amp;gt;#button-confirm}]
Capabilities {acceptInsecureCerts: false, browserName: chrome, browserVersion: 127.0.6533.120, chrome: {chromedriverVersion: 127.0.6533.119 (bdef6783a05..., userDataDir: /var/folders/rj/8t48tqdx4l5...}, fedcm:accounts: true, goog:chromeOptions: {debuggerAddress: localhost:53037}, networkConnectionEnabled: false, pageLoadStrategy: normal, platformName: mac, proxy: Proxy(), se:cdp: ws://localhost:53037/devtoo..., se:cdpVersion: 127.0.6533.120, setWindowRect: true, strictFileInteractability: false, timeouts: {implicit: 0, pageLoad: 300000, script: 30000}, unhandledPromptBehavior: dismiss and notify, webauthn:extension:credBlob: true, webauthn:extension:largeBlob: true, webauthn:extension:minPinLength: true, webauthn:extension:prf: true, webauthn:virtualAuthenticators: true}
Session ID: 38821392c1f2beb6a7c46406888fe8fa">
      <![CDATA[org.openqa.selenium.NoSuchElementException: no such element: Unable to locate element: {"method":"css selector","selector":"div>#button-confirm"}
  (Session info: chrome=127.0.6533.120)
For documentation on this error, please visit: https://www.selenium.dev/documentation/webdriver/troubleshooting/errors#no-such-element-exception
Build info: version: '4.21.0', revision: '79ed462ef4'
System info: os.name: 'Mac OS X', os.arch: 'x86_64', os.version: '14.4.1', java.version: '21.0.1'
Driver info: org.openqa.selenium.chrome.ChromeDriver
Command: [38821392c1f2beb6a7c46406888fe8fa, findElement {using=css selector, value=div>#button-confirm}]
Capabilities {acceptInsecureCerts: false, browserName: chrome, browserVersion: 127.0.6533.120, chrome: {chromedriverVersion: 127.0.6533.119 (bdef6783a05..., userDataDir: /var/folders/rj/8t48tqdx4l5...}, fedcm:accounts: true, goog:chromeOptions: {debuggerAddress: localhost:53037}, networkConnectionEnabled: false, pageLoadStrategy: normal, platformName: mac, proxy: Proxy(), se:cdp: ws://localhost:53037/devtoo..., se:cdpVersion: 127.0.6533.120, setWindowRect: true, strictFileInteractability: false, timeouts: {implicit: 0, pageLoad: 300000, script: 30000}, unhandledPromptBehavior: dismiss and notify, webauthn:extension:credBlob: true, webauthn:extension:largeBlob: true, webauthn:extension:minPinLength: true, webauthn:extension:prf: true, webauthn:virtualAuthenticators: true}
Session ID: 38821392c1f2beb6a7c46406888fe8fa
	at org.openqa.selenium.remote.ErrorCodec.decode(ErrorCodec.java:167)
	at org.openqa.selenium.remote.codec.w3c.W3CHttpResponseCodec.decode(W3CHttpResponseCodec.java:138)
	at org.openqa.selenium.remote.codec.w3c.W3CHttpResponseCodec.decode(W3CHttpResponseCodec.java:50)
	at org.openqa.selenium.remote.HttpCommandExecutor.execute(HttpCommandExecutor.java:190)
	at org.openqa.selenium.remote.service.DriverCommandExecutor.invokeExecute(DriverCommandExecutor.java:216)
	at org.openqa.selenium.remote.service.DriverCommandExecutor.execute(DriverCommandExecutor.java:174)
	at org.openqa.selenium.remote.RemoteWebDriver.execute(RemoteWebDriver.java:518)
	at org.openqa.selenium.remote.ElementLocation$ElementFinder$2.findElement(ElementLocation.java:165)
	at org.openqa.selenium.remote.ElementLocation.findElement(ElementLocation.java:59)
	at org.openqa.selenium.remote.RemoteWebDriver.findElement(RemoteWebDriver.java:355)
	at org.openqa.selenium.remote.RemoteWebDriver.findElement(RemoteWebDriver.java:349)
	at org.openqa.selenium.support.pagefactory.DefaultElementLocator.findElement(DefaultElementLocator.java:68)
	at org.openqa.selenium.support.pagefactory.internal.LocatingElementHandler.invoke(LocatingElementHandler.java:38)
	at jdk.proxy2/jdk.proxy2.$Proxy14.click(Unknown Source)
	at com.tutorialsninja.pages.CheckoutPage.clickOnConfirmOrderButton(CheckoutPage.java:167)
	at com.tutorialsninja.testcases.CompleteCheckoutTest.validateCompleteCheckoutWithGuestAccount(CompleteCheckoutTest.java:87)
... Removed 26 stack frames]]>
    </failure>
  </testcase> <!-- validateCompleteCheckoutWithGuestAccount -->
  <testcase classname="com.tutorialsninja.testcases.LoginTest" name="verifyLoginWithValidEmailAndInvalidPassword" time="0.813"/>
  <testcase classname="com.tutorialsninja.testcases.SearchProductTest" name="verifySearchWithNoProduct" time="0.418"/>
  <testcase classname="com.tutorialsninja.testcases.RegisterTest" name="verifyRegisterWithExistingEmail" time="0.819"/>
  <testcase classname="com.tutorialsninja.testcases.LoginTest" name="verifyLoginWithInvalidEmailAndValidPassword" time="0.684"/>
  <testcase classname="com.tutorialsninja.testcases.RegisterTest" name="verifyRegisterWithInvalidConfirmPassword" time="0.811"/>
  <testcase classname="com.tutorialsninja.testcases.LoginTest" name="verifyLoginWithNoCredentials" time="0.79"/>
  <testcase classname="com.tutorialsninja.testcases.RegisterTest" name="verifyRegisterWithNoDetails" time="0.677"/>
  <testcase classname="com.tutorialsninja.testcases.LoginTest" name="verifyLoginWithEmptyEmail" time="0.653"/>
  <testcase classname="com.tutorialsninja.testcases.RegisterTest" name="verifyRegisterWithoutClickingAgreePrivacyPolicy" time="0.692"/>
  <testcase classname="com.tutorialsninja.testcases.LoginTest" name="verifyLoginWithEmptyPassword" time="0.732"/>
  <testcase classname="com.tutorialsninja.testcases.RegisterTest" name="verifyRegisterWithMandatoryDetails" time="0.0">
    <ignored/>
  </testcase> <!-- verifyRegisterWithMandatoryDetails -->
</testsuite> <!-- Test -->
